
> temp@0.1.0 build
> next build

Γû▓ Next.js 16.1.6 (Turbopack)
- Environments: .env

  Creating an optimized production build ...
node.exe : 
At 
C:\nvm4w\nodejs\npm.ps1:29 
char:3
+   & $NODE_EXE $NPM_CLI_JS 
$args
+   
~~~~~~~~~~~~~~~~~~~~~~~~~~~~~
    + CategoryInfo           
   : NotSpecified: (:String  
  ) [], RemoteException
    + FullyQualifiedErrorId  
   : NativeCommandError
 
> Build error occurred
Error: Turbopack build 
failed with 1 errors:
./src/components/ui/form.tsx:
3:1
Module not found: Can't 
resolve 
'@radix-ui/react-slot'
[0m [90m 1 |[39m 
[36mimport[39m [33m*[39m 
[36mas[39m [33mReact[39m 
[36mfrom[39m 
[32m"react"[39m
 [90m 2 |[39m 
[36mimport[39m [33m*[39m 
[36mas[39m 
[33mLabelPrimitive[39m 
[36mfrom[39m [32m"@radix-u
i/react-label"[39m
[31m[1m>[22m[39m[90m 3 
|[39m [36mimport[39m { 
[33mSlot[39m } 
[36mfrom[39m [32m"@radix-u
i/react-slot"[39m
 [90m   |[39m [31m[1m^[2
2m[39m[31m[1m^[22m[39m[
31m[1m^[22m[39m[31m[1m^
[22m[39m[31m[1m^[22m[39m
[31m[1m^[22m[39m[31m[1m
^[22m[39m[31m[1m^[22m[3
9m[31m[1m^[22m[39m[31m[
1m^[22m[39m[31m[1m^[22m
[39m[31m[1m^[22m[39m[31m
[1m^[22m[39m[31m[1m^[22
m[39m[31m[1m^[22m[39m[3
1m[1m^[22m[39m[31m[1m^[
22m[39m[31m[1m^[22m[39m
[31m[1m^[22m[39m[31m[1m^
[22m[39m[31m[1m^[22m[39
m[31m[1m^[22m[39m[31m[1
m^[22m[39m[31m[1m^[22m[
39m[31m[1m^[22m[39m[31m
[1m^[22m[39m[31m[1m^[22m
[39m[31m[1m^[22m[39m[31
m[1m^[22m[39m[31m[1m^[2
2m[39m[31m[1m^[22m[39m[
31m[1m^[22m[39m[31m[1m^
[22m[39m[31m[1m^[22m[39m
[31m[1m^[22m[39m[31m[1m
^[22m[39m[31m[1m^[22m[3
9m[31m[1m^[22m[39m[31m[
1m^[22m[39m[31m[1m^[22m
[39m[31m[1m^[22m[39m[31m
[1m^[22m[39m[31m[1m^[22
m[39m
 [90m 4 |[39m 
[36mimport[39m {
 [90m 5 |[39m   [33mContro
ller[39m[33m,[39m
 [90m 6 |[39m   [33mContro
llerProps[39m[33m,[39m[0m



Import traces:
  Client Component Browser:
    
./src/components/ui/form.tsx 
[Client Component Browser]
    ./src/components/StudentF
orm.tsx [Client Component 
Browser]
    ./src/components/StudentF
orm.tsx [Server Component]
    
./src/app/register/page.tsx 
[Server Component]

  Client Component SSR:
    
./src/components/ui/form.tsx 
[Client Component SSR]
    ./src/components/StudentF
orm.tsx [Client Component 
SSR]
    ./src/components/StudentF
orm.tsx [Server Component]
    
./src/app/register/page.tsx 
[Server Component]

https://nextjs.org/docs/messa
ges/module-not-found


    at <unknown> (./src/compo
nents/ui/form.tsx:3:1)
    at <unknown> (https://nex
tjs.org/docs/messages/module-
not-found)
