
> temp@0.1.0 build
> next build

Γû▓ Next.js 16.1.6 (Turbopack)
- Environments: .env

  Creating an optimized production build ...
node.exe : 
At 
C:\nvm4w\nodejs\npm.ps1:29 
char:3
+   & $NODE_EXE $NPM_CLI_JS 
$args
+   
~~~~~~~~~~~~~~~~~~~~~~~~~~~~~
    + CategoryInfo           
   : NotSpecified: (:String  
  ) [], RemoteException
    + FullyQualifiedErrorId  
   : NativeCommandError
 
> Build error occurred
Error: Turbopack build 
failed with 1 errors:
./src/components/StudentForm.
tsx:8:1
Module not found: Can't 
resolve 
'@/components/ui/form'
[0m [90m  6 |[39m 
[36mimport[39m [33m*[39m 
[36mas[39m z 
[36mfrom[39m 
[32m"zod"[39m[33m;[39m
 [90m  7 |[39m 
[36mimport[39m { 
[33mButton[39m } 
[36mfrom[39m [32m"@/compon
ents/ui/button"[39m[33m;[3
9m
[31m[1m>[22m[39m[90m  8 
|[39m [36mimport[39m {
 [90m    |[39m [31m[1m^[
22m[39m[31m[1m^[22m[39m
[31m[1m^[22m[39m[31m[1m^
[22m[39m[31m[1m^[22m[39
m[31m[1m^[22m[39m[31m[1
m^[22m[39m[31m[1m^[22m[
39m
[31m[1m>[22m[39m[90m  9 
|[39m   
[33mForm[39m[33m,[39m
 [90m    |[39m [31m[1m^[
22m[39m[31m[1m^[22m[39m
[31m[1m^[22m[39m[31m[1m^
[22m[39m[31m[1m^[22m[39
m[31m[1m^[22m[39m[31m[1
m^[22m[39m
[31m[1m>[22m[39m[90m 10 
|[39m   [33mFormControl[39
m[33m,[39m
 [90m    |[39m [31m[1m^[
22m[39m[31m[1m^[22m[39m
[31m[1m^[22m[39m[31m[1m^
[22m[39m[31m[1m^[22m[39
m[31m[1m^[22m[39m[31m[1
m^[22m[39m
[31m[1m>[22m[39m[90m 11 
|[39m   [33mFormField[39m
[33m,[39m
 [90m    |[39m [31m[1m^[
22m[39m[31m[1m^[22m[39m
[31m[1m^[22m[39m[31m[1m^
[22m[39m[31m[1m^[22m[39
m[31m[1m^[22m[39m[31m[1
m^[22m[39m
[31m[1m>[22m[39m[90m 12 
|[39m   
[33mFormItem[39m[33m,[39m
 [90m    |[39m [31m[1m^[
22m[39m[31m[1m^[22m[39m
[31m[1m^[22m[39m[31m[1m^
[22m[39m[31m[1m^[22m[39
m[31m[1m^[22m[39m[31m[1
m^[22m[39m
[31m[1m>[22m[39m[90m 13 
|[39m   [33mFormLabel[39m
[33m,[39m
 [90m    |[39m [31m[1m^[
22m[39m[31m[1m^[22m[39m
[31m[1m^[22m[39m[31m[1m^
[22m[39m[31m[1m^[22m[39
m[31m[1m^[22m[39m[31m[1
m^[22m[39m
[31m[1m>[22m[39m[90m 14 
|[39m   [33mFormMessage[39
m[33m,[39m
 [90m    |[39m [31m[1m^[
22m[39m[31m[1m^[22m[39m
[31m[1m^[22m[39m[31m[1m^
[22m[39m[31m[1m^[22m[39
m[31m[1m^[22m[39m[31m[1
m^[22m[39m
[31m[1m>[22m[39m[90m 15 
|[39m } [36mfrom[39m [32m
"@/components/ui/form"[39m[
33m;[39m
 [90m    |[39m [31m[1m^[
22m[39m[31m[1m^[22m[39m
[31m[1m^[22m[39m[31m[1m^
[22m[39m[31m[1m^[22m[39
m[31m[1m^[22m[39m[31m[1
m^[22m[39m[31m[1m^[22m[
39m[31m[1m^[22m[39m[31m
[1m^[22m[39m[31m[1m^[22m
[39m[31m[1m^[22m[39m[31
m[1m^[22m[39m[31m[1m^[2
2m[39m[31m[1m^[22m[39m[
31m[1m^[22m[39m[31m[1m^
[22m[39m[31m[1m^[22m[39m
[31m[1m^[22m[39m[31m[1m
^[22m[39m[31m[1m^[22m[3
9m[31m[1m^[22m[39m[31m[
1m^[22m[39m[31m[1m^[22m
[39m[31m[1m^[22m[39m[31m
[1m^[22m[39m[31m[1m^[22
m[39m[31m[1m^[22m[39m[3
1m[1m^[22m[39m[31m[1m^[
22m[39m[31m[1m^[22m[39m
 [90m 16 |[39m 
[36mimport[39m { 
[33mInput[39m } 
[36mfrom[39m [32m"@/compon
ents/ui/input"[39m[33m;[39
m
 [90m 17 |[39m 
[36mimport[39m {
 [90m 18 |[39m   [33mSelec
t[39m[33m,[39m[0m

Import map: aliased to 
relative 
'./src/components/ui/form' 
inside of [project]/


Import trace:
  Server Component:
    ./src/components/StudentF
orm.tsx
    
./src/app/register/page.tsx

https://nextjs.org/docs/messa
ges/module-not-found


    at <unknown> (./src/compo
nents/StudentForm.tsx:8:1)
    at <unknown> (https://nex
tjs.org/docs/messages/module-
not-found)
